[0.504s] DEBUG:colcon:Command line arguments: ['/usr/bin/colcon', 'build']
[0.505s] DEBUG:colcon:Parsed command line arguments: Namespace(log_base=None, log_level=None, verb_name='build', build_base='build', install_base='install', merge_install=False, symlink_install=False, test_result_base=None, continue_on_error=False, executor='parallel', parallel_workers=12, event_handlers=None, ignore_user_meta=False, metas=['./colcon.meta'], base_paths=['.'], packages_ignore=None, packages_ignore_regex=None, paths=None, packages_up_to=None, packages_up_to_regex=None, packages_above=None, packages_above_and_dependencies=None, packages_above_depth=None, packages_select_by_dep=None, packages_skip_by_dep=None, packages_skip_up_to=None, packages_select_build_failed=False, packages_skip_build_finished=False, packages_select_test_failures=False, packages_skip_test_passed=False, packages_select=None, packages_skip=None, packages_select_regex=None, packages_skip_regex=None, packages_start=None, packages_end=None, allow_overriding=[], cmake_args=None, cmake_target=None, cmake_target_skip_unavailable=False, cmake_clean_cache=False, cmake_clean_first=False, cmake_force_configure=False, ament_cmake_args=None, catkin_cmake_args=None, catkin_skip_building_tests=False, verb_parser=<colcon_defaults.argument_parser.defaults.DefaultArgumentsDecorator object at 0x7fbb631f0b50>, verb_extension=<colcon_core.verb.build.BuildVerb object at 0x7fbb631f0040>, main=<bound method BuildVerb.main of <colcon_core.verb.build.BuildVerb object at 0x7fbb631f0040>>)
[0.922s] Level 1:colcon.colcon_core.package_discovery:discover_packages(colcon_meta) check parameters
[0.923s] Level 1:colcon.colcon_core.package_discovery:discover_packages(recursive) check parameters
[0.923s] Level 1:colcon.colcon_core.package_discovery:discover_packages(ignore) check parameters
[0.923s] Level 1:colcon.colcon_core.package_discovery:discover_packages(path) check parameters
[0.923s] Level 1:colcon.colcon_core.package_discovery:discover_packages(colcon_meta) discover
[0.923s] Level 1:colcon.colcon_core.package_discovery:discover_packages(recursive) discover
[0.924s] INFO:colcon.colcon_core.package_discovery:Crawling recursively for packages in '/home/teresavkelly/re_rassor/ros2_ws'
[0.924s] Level 1:colcon.colcon_core.package_identification:_identify(.) by extensions ['ignore', 'ignore_ament_install']
[0.924s] Level 1:colcon.colcon_core.package_identification:_identify(.) by extension 'ignore'
[0.925s] Level 1:colcon.colcon_core.package_identification:_identify(.) by extension 'ignore_ament_install'
[0.925s] Level 1:colcon.colcon_core.package_identification:_identify(.) by extensions ['colcon_pkg']
[0.925s] Level 1:colcon.colcon_core.package_identification:_identify(.) by extension 'colcon_pkg'
[0.925s] Level 1:colcon.colcon_core.package_identification:_identify(.) by extensions ['colcon_meta']
[0.926s] Level 1:colcon.colcon_core.package_identification:_identify(.) by extension 'colcon_meta'
[0.926s] Level 1:colcon.colcon_core.package_identification:_identify(.) by extensions ['ros']
[0.926s] Level 1:colcon.colcon_core.package_identification:_identify(.) by extension 'ros'
[0.947s] Level 1:colcon.colcon_core.package_identification:_identify(.) by extensions ['cmake', 'python']
[0.948s] Level 1:colcon.colcon_core.package_identification:_identify(.) by extension 'cmake'
[0.948s] Level 1:colcon.colcon_core.package_identification:_identify(.) by extension 'python'
[0.948s] Level 1:colcon.colcon_core.package_identification:_identify(.) by extensions ['python_setup_py']
[0.948s] Level 1:colcon.colcon_core.package_identification:_identify(.) by extension 'python_setup_py'
[0.948s] Level 1:colcon.colcon_core.package_identification:_identify(build) by extensions ['ignore', 'ignore_ament_install']
[0.949s] Level 1:colcon.colcon_core.package_identification:_identify(build) by extension 'ignore'
[0.949s] Level 1:colcon.colcon_core.package_identification:_identify(build) ignored
[0.949s] Level 1:colcon.colcon_core.package_identification:_identify(install) by extensions ['ignore', 'ignore_ament_install']
[0.950s] Level 1:colcon.colcon_core.package_identification:_identify(install) by extension 'ignore'
[0.950s] Level 1:colcon.colcon_core.package_identification:_identify(install) ignored
[0.950s] Level 1:colcon.colcon_core.package_identification:_identify(log) by extensions ['ignore', 'ignore_ament_install']
[0.950s] Level 1:colcon.colcon_core.package_identification:_identify(log) by extension 'ignore'
[0.951s] Level 1:colcon.colcon_core.package_identification:_identify(log) ignored
[0.951s] Level 1:colcon.colcon_core.package_identification:_identify(src) by extensions ['ignore', 'ignore_ament_install']
[0.951s] Level 1:colcon.colcon_core.package_identification:_identify(src) by extension 'ignore'
[0.951s] Level 1:colcon.colcon_core.package_identification:_identify(src) by extension 'ignore_ament_install'
[0.951s] Level 1:colcon.colcon_core.package_identification:_identify(src) by extensions ['colcon_pkg']
[0.952s] Level 1:colcon.colcon_core.package_identification:_identify(src) by extension 'colcon_pkg'
[0.952s] Level 1:colcon.colcon_core.package_identification:_identify(src) by extensions ['colcon_meta']
[0.953s] Level 1:colcon.colcon_core.package_identification:_identify(src) by extension 'colcon_meta'
[0.953s] Level 1:colcon.colcon_core.package_identification:_identify(src) by extensions ['ros']
[0.953s] Level 1:colcon.colcon_core.package_identification:_identify(src) by extension 'ros'
[0.953s] Level 1:colcon.colcon_core.package_identification:_identify(src) by extensions ['cmake', 'python']
[0.953s] Level 1:colcon.colcon_core.package_identification:_identify(src) by extension 'cmake'
[0.953s] Level 1:colcon.colcon_core.package_identification:_identify(src) by extension 'python'
[0.953s] Level 1:colcon.colcon_core.package_identification:_identify(src) by extensions ['python_setup_py']
[0.953s] Level 1:colcon.colcon_core.package_identification:_identify(src) by extension 'python_setup_py'
[0.954s] Level 1:colcon.colcon_core.package_identification:_identify(src/re_rassor_controller) by extensions ['ignore', 'ignore_ament_install']
[0.954s] Level 1:colcon.colcon_core.package_identification:_identify(src/re_rassor_controller) by extension 'ignore'
[0.954s] Level 1:colcon.colcon_core.package_identification:_identify(src/re_rassor_controller) by extension 'ignore_ament_install'
[0.954s] Level 1:colcon.colcon_core.package_identification:_identify(src/re_rassor_controller) by extensions ['colcon_pkg']
[0.954s] Level 1:colcon.colcon_core.package_identification:_identify(src/re_rassor_controller) by extension 'colcon_pkg'
[0.954s] Level 1:colcon.colcon_core.package_identification:_identify(src/re_rassor_controller) by extensions ['colcon_meta']
[0.954s] Level 1:colcon.colcon_core.package_identification:_identify(src/re_rassor_controller) by extension 'colcon_meta'
[0.954s] Level 1:colcon.colcon_core.package_identification:_identify(src/re_rassor_controller) by extensions ['ros']
[0.954s] Level 1:colcon.colcon_core.package_identification:_identify(src/re_rassor_controller) by extension 'ros'
[0.962s] DEBUG:colcon.colcon_core.package_identification:Package 'src/re_rassor_controller' with type 'ros.ament_python' and name 're_rassor_controller'
[0.962s] Level 1:colcon.colcon_core.package_identification:_identify(src/re_rassor_sensors) by extensions ['ignore', 'ignore_ament_install']
[0.962s] Level 1:colcon.colcon_core.package_identification:_identify(src/re_rassor_sensors) by extension 'ignore'
[0.962s] Level 1:colcon.colcon_core.package_identification:_identify(src/re_rassor_sensors) by extension 'ignore_ament_install'
[0.963s] Level 1:colcon.colcon_core.package_identification:_identify(src/re_rassor_sensors) by extensions ['colcon_pkg']
[0.963s] Level 1:colcon.colcon_core.package_identification:_identify(src/re_rassor_sensors) by extension 'colcon_pkg'
[0.963s] Level 1:colcon.colcon_core.package_identification:_identify(src/re_rassor_sensors) by extensions ['colcon_meta']
[0.963s] Level 1:colcon.colcon_core.package_identification:_identify(src/re_rassor_sensors) by extension 'colcon_meta'
[0.963s] Level 1:colcon.colcon_core.package_identification:_identify(src/re_rassor_sensors) by extensions ['ros']
[0.963s] Level 1:colcon.colcon_core.package_identification:_identify(src/re_rassor_sensors) by extension 'ros'
[0.964s] DEBUG:colcon.colcon_core.package_identification:Package 'src/re_rassor_sensors' with type 'ros.ament_python' and name 're_rassor_sensors'
[0.964s] Level 1:colcon.colcon_core.package_discovery:discover_packages(recursive) using defaults
[0.964s] Level 1:colcon.colcon_core.package_discovery:discover_packages(ignore) discover
[0.964s] Level 1:colcon.colcon_core.package_discovery:discover_packages(ignore) using defaults
[0.964s] Level 1:colcon.colcon_core.package_discovery:discover_packages(path) discover
[0.964s] Level 1:colcon.colcon_core.package_discovery:discover_packages(path) using defaults
[1.030s] Level 1:colcon.colcon_core.package_discovery:discover_packages(prefix_path) check parameters
[1.031s] Level 1:colcon.colcon_core.package_discovery:discover_packages(prefix_path) discover
[1.041s] DEBUG:colcon.colcon_installed_package_information.package_discovery:Found 2 installed packages in /home/teresavkelly/re_rassor/ros2_ws/install
[1.042s] DEBUG:colcon.colcon_installed_package_information.package_discovery:Found 1 installed packages in /home/teresavkelly/ros2_ws_tut/install
[1.045s] DEBUG:colcon.colcon_installed_package_information.package_discovery:Found 30 installed packages in /home/teresavkelly/ros2_ws/install
[1.048s] DEBUG:colcon.colcon_installed_package_information.package_discovery:Found 32 installed packages in /home/teresavkelly/rosbot_ws/install
[1.052s] DEBUG:colcon.colcon_installed_package_information.package_discovery:Found 338 installed packages in /opt/ros/humble
[1.058s] Level 1:colcon.colcon_core.package_discovery:discover_packages(prefix_path) using defaults
[1.173s] Level 5:colcon.colcon_core.verb:set package 're_rassor_controller' build argument 'cmake_args' from command line to 'None'
[1.173s] Level 5:colcon.colcon_core.verb:set package 're_rassor_controller' build argument 'cmake_target' from command line to 'None'
[1.173s] Level 5:colcon.colcon_core.verb:set package 're_rassor_controller' build argument 'cmake_target_skip_unavailable' from command line to 'False'
[1.173s] Level 5:colcon.colcon_core.verb:set package 're_rassor_controller' build argument 'cmake_clean_cache' from command line to 'False'
[1.173s] Level 5:colcon.colcon_core.verb:set package 're_rassor_controller' build argument 'cmake_clean_first' from command line to 'False'
[1.173s] Level 5:colcon.colcon_core.verb:set package 're_rassor_controller' build argument 'cmake_force_configure' from command line to 'False'
[1.173s] Level 5:colcon.colcon_core.verb:set package 're_rassor_controller' build argument 'ament_cmake_args' from command line to 'None'
[1.173s] Level 5:colcon.colcon_core.verb:set package 're_rassor_controller' build argument 'catkin_cmake_args' from command line to 'None'
[1.173s] Level 5:colcon.colcon_core.verb:set package 're_rassor_controller' build argument 'catkin_skip_building_tests' from command line to 'False'
[1.173s] DEBUG:colcon.colcon_core.verb:Building package 're_rassor_controller' with the following arguments: {'ament_cmake_args': None, 'build_base': '/home/teresavkelly/re_rassor/ros2_ws/build/re_rassor_controller', 'catkin_cmake_args': None, 'catkin_skip_building_tests': False, 'cmake_args': None, 'cmake_clean_cache': False, 'cmake_clean_first': False, 'cmake_force_configure': False, 'cmake_target': None, 'cmake_target_skip_unavailable': False, 'install_base': '/home/teresavkelly/re_rassor/ros2_ws/install/re_rassor_controller', 'merge_install': False, 'path': '/home/teresavkelly/re_rassor/ros2_ws/src/re_rassor_controller', 'symlink_install': False, 'test_result_base': None}
[1.174s] Level 5:colcon.colcon_core.verb:set package 're_rassor_sensors' build argument 'cmake_args' from command line to 'None'
[1.175s] Level 5:colcon.colcon_core.verb:set package 're_rassor_sensors' build argument 'cmake_target' from command line to 'None'
[1.175s] Level 5:colcon.colcon_core.verb:set package 're_rassor_sensors' build argument 'cmake_target_skip_unavailable' from command line to 'False'
[1.175s] Level 5:colcon.colcon_core.verb:set package 're_rassor_sensors' build argument 'cmake_clean_cache' from command line to 'False'
[1.175s] Level 5:colcon.colcon_core.verb:set package 're_rassor_sensors' build argument 'cmake_clean_first' from command line to 'False'
[1.175s] Level 5:colcon.colcon_core.verb:set package 're_rassor_sensors' build argument 'cmake_force_configure' from command line to 'False'
[1.175s] Level 5:colcon.colcon_core.verb:set package 're_rassor_sensors' build argument 'ament_cmake_args' from command line to 'None'
[1.175s] Level 5:colcon.colcon_core.verb:set package 're_rassor_sensors' build argument 'catkin_cmake_args' from command line to 'None'
[1.175s] Level 5:colcon.colcon_core.verb:set package 're_rassor_sensors' build argument 'catkin_skip_building_tests' from command line to 'False'
[1.175s] DEBUG:colcon.colcon_core.verb:Building package 're_rassor_sensors' with the following arguments: {'ament_cmake_args': None, 'build_base': '/home/teresavkelly/re_rassor/ros2_ws/build/re_rassor_sensors', 'catkin_cmake_args': None, 'catkin_skip_building_tests': False, 'cmake_args': None, 'cmake_clean_cache': False, 'cmake_clean_first': False, 'cmake_force_configure': False, 'cmake_target': None, 'cmake_target_skip_unavailable': False, 'install_base': '/home/teresavkelly/re_rassor/ros2_ws/install/re_rassor_sensors', 'merge_install': False, 'path': '/home/teresavkelly/re_rassor/ros2_ws/src/re_rassor_sensors', 'symlink_install': False, 'test_result_base': None}
[1.175s] INFO:colcon.colcon_core.executor:Executing jobs using 'parallel' executor
[1.177s] DEBUG:colcon.colcon_parallel_executor.executor.parallel:run_until_complete
[1.178s] INFO:colcon.colcon_ros.task.ament_python.build:Building ROS package in '/home/teresavkelly/re_rassor/ros2_ws/src/re_rassor_controller' with build type 'ament_python'
[1.178s] Level 1:colcon.colcon_core.shell:create_environment_hook('re_rassor_controller', 'ament_prefix_path')
[1.190s] INFO:colcon.colcon_core.plugin_system:Skipping extension 'colcon_core.shell.bat': Not used on non-Windows systems
[1.191s] INFO:colcon.colcon_core.shell:Creating environment hook '/home/teresavkelly/re_rassor/ros2_ws/install/re_rassor_controller/share/re_rassor_controller/hook/ament_prefix_path.ps1'
[1.193s] INFO:colcon.colcon_core.shell:Creating environment descriptor '/home/teresavkelly/re_rassor/ros2_ws/install/re_rassor_controller/share/re_rassor_controller/hook/ament_prefix_path.dsv'
[1.194s] INFO:colcon.colcon_core.shell:Creating environment hook '/home/teresavkelly/re_rassor/ros2_ws/install/re_rassor_controller/share/re_rassor_controller/hook/ament_prefix_path.sh'
[1.196s] INFO:colcon.colcon_core.shell:Skip shell extension 'powershell' for command environment: Not usable outside of PowerShell
[1.197s] DEBUG:colcon.colcon_core.shell:Skip shell extension 'dsv' for command environment
[1.214s] INFO:colcon.colcon_ros.task.ament_python.build:Building ROS package in '/home/teresavkelly/re_rassor/ros2_ws/src/re_rassor_sensors' with build type 'ament_python'
[1.215s] Level 1:colcon.colcon_core.shell:create_environment_hook('re_rassor_sensors', 'ament_prefix_path')
[1.215s] INFO:colcon.colcon_core.shell:Creating environment hook '/home/teresavkelly/re_rassor/ros2_ws/install/re_rassor_sensors/share/re_rassor_sensors/hook/ament_prefix_path.ps1'
[1.217s] INFO:colcon.colcon_core.shell:Creating environment descriptor '/home/teresavkelly/re_rassor/ros2_ws/install/re_rassor_sensors/share/re_rassor_sensors/hook/ament_prefix_path.dsv'
[1.219s] INFO:colcon.colcon_core.shell:Creating environment hook '/home/teresavkelly/re_rassor/ros2_ws/install/re_rassor_sensors/share/re_rassor_sensors/hook/ament_prefix_path.sh'
[1.221s] INFO:colcon.colcon_core.shell:Skip shell extension 'powershell' for command environment: Not usable outside of PowerShell
[1.221s] DEBUG:colcon.colcon_core.shell:Skip shell extension 'dsv' for command environment
[1.857s] INFO:colcon.colcon_core.task.python.build:Building Python package in '/home/teresavkelly/re_rassor/ros2_ws/src/re_rassor_controller'
[1.858s] INFO:colcon.colcon_core.shell:Skip shell extension 'powershell' for command environment: Not usable outside of PowerShell
[1.858s] DEBUG:colcon.colcon_core.shell:Skip shell extension 'dsv' for command environment
[2.537s] INFO:colcon.colcon_core.task.python.build:Building Python package in '/home/teresavkelly/re_rassor/ros2_ws/src/re_rassor_sensors'
[2.538s] INFO:colcon.colcon_core.shell:Skip shell extension 'powershell' for command environment: Not usable outside of PowerShell
[2.539s] DEBUG:colcon.colcon_core.shell:Skip shell extension 'dsv' for command environment
[3.507s] DEBUG:colcon.colcon_core.event_handler.log_command:Invoking command in '/home/teresavkelly/re_rassor/ros2_ws/src/re_rassor_controller': PS1=\[\e]0;\u@\h: \w\a\]${debian_chroot:+($debian_chroot)}\[\033[01;32m\]\u@\h\[\033[00m\]:\[\033[01;34m\]\w\[\033[00m\]\$ PYTHONPATH=/home/teresavkelly/re_rassor/ros2_ws/build/re_rassor_controller/prefix_override:/home/teresavkelly/re_rassor/ros2_ws/install/re_rassor_controller/lib/python3.10/site-packages:${PYTHONPATH} /usr/bin/python3 -W ignore:setup.py install is deprecated setup.py egg_info --egg-base ../../build/re_rassor_controller build --build-base /home/teresavkelly/re_rassor/ros2_ws/build/re_rassor_controller/build install --record /home/teresavkelly/re_rassor/ros2_ws/build/re_rassor_controller/install.log --single-version-externally-managed install_data
[3.523s] DEBUG:colcon.colcon_core.event_handler.log_command:Invoking command in '/home/teresavkelly/re_rassor/ros2_ws/src/re_rassor_sensors': PS1=\[\e]0;\u@\h: \w\a\]${debian_chroot:+($debian_chroot)}\[\033[01;32m\]\u@\h\[\033[00m\]:\[\033[01;34m\]\w\[\033[00m\]\$ PYTHONPATH=/home/teresavkelly/re_rassor/ros2_ws/build/re_rassor_sensors/prefix_override:/home/teresavkelly/re_rassor/ros2_ws/install/re_rassor_sensors/lib/python3.10/site-packages:${PYTHONPATH} /usr/bin/python3 -W ignore:setup.py install is deprecated setup.py egg_info --egg-base ../../build/re_rassor_sensors build --build-base /home/teresavkelly/re_rassor/ros2_ws/build/re_rassor_sensors/build install --record /home/teresavkelly/re_rassor/ros2_ws/build/re_rassor_sensors/install.log --single-version-externally-managed install_data
[4.295s] DEBUG:colcon.colcon_core.event_handler.log_command:Invoked command in '/home/teresavkelly/re_rassor/ros2_ws/src/re_rassor_controller' returned '0': PS1=\[\e]0;\u@\h: \w\a\]${debian_chroot:+($debian_chroot)}\[\033[01;32m\]\u@\h\[\033[00m\]:\[\033[01;34m\]\w\[\033[00m\]\$ PYTHONPATH=/home/teresavkelly/re_rassor/ros2_ws/build/re_rassor_controller/prefix_override:/home/teresavkelly/re_rassor/ros2_ws/install/re_rassor_controller/lib/python3.10/site-packages:${PYTHONPATH} /usr/bin/python3 -W ignore:setup.py install is deprecated setup.py egg_info --egg-base ../../build/re_rassor_controller build --build-base /home/teresavkelly/re_rassor/ros2_ws/build/re_rassor_controller/build install --record /home/teresavkelly/re_rassor/ros2_ws/build/re_rassor_controller/install.log --single-version-externally-managed install_data
[4.299s] Level 1:colcon.colcon_core.environment:checking '/home/teresavkelly/re_rassor/ros2_ws/install/re_rassor_controller' for CMake module files
[4.300s] Level 1:colcon.colcon_core.environment:checking '/home/teresavkelly/re_rassor/ros2_ws/install/re_rassor_controller' for CMake config files
[4.301s] Level 1:colcon.colcon_core.environment:checking '/home/teresavkelly/re_rassor/ros2_ws/install/re_rassor_controller/lib'
[4.302s] Level 1:colcon.colcon_core.environment:checking '/home/teresavkelly/re_rassor/ros2_ws/install/re_rassor_controller/bin'
[4.302s] Level 1:colcon.colcon_core.environment:checking '/home/teresavkelly/re_rassor/ros2_ws/install/re_rassor_controller/lib/pkgconfig/re_rassor_controller.pc'
[4.303s] Level 1:colcon.colcon_core.environment:checking '/home/teresavkelly/re_rassor/ros2_ws/install/re_rassor_controller/lib/python3.10/site-packages'
[4.303s] Level 1:colcon.colcon_core.shell:create_environment_hook('re_rassor_controller', 'pythonpath')
[4.304s] INFO:colcon.colcon_core.shell:Creating environment hook '/home/teresavkelly/re_rassor/ros2_ws/install/re_rassor_controller/share/re_rassor_controller/hook/pythonpath.ps1'
[4.305s] INFO:colcon.colcon_core.shell:Creating environment descriptor '/home/teresavkelly/re_rassor/ros2_ws/install/re_rassor_controller/share/re_rassor_controller/hook/pythonpath.dsv'
[4.306s] INFO:colcon.colcon_core.shell:Creating environment hook '/home/teresavkelly/re_rassor/ros2_ws/install/re_rassor_controller/share/re_rassor_controller/hook/pythonpath.sh'
[4.307s] Level 1:colcon.colcon_core.environment:checking '/home/teresavkelly/re_rassor/ros2_ws/install/re_rassor_controller/bin'
[4.307s] Level 1:colcon.colcon_core.environment:create_environment_scripts_only(re_rassor_controller)
[4.307s] INFO:colcon.colcon_core.shell:Creating package script '/home/teresavkelly/re_rassor/ros2_ws/install/re_rassor_controller/share/re_rassor_controller/package.ps1'
[4.309s] INFO:colcon.colcon_core.shell:Creating package descriptor '/home/teresavkelly/re_rassor/ros2_ws/install/re_rassor_controller/share/re_rassor_controller/package.dsv'
[4.310s] INFO:colcon.colcon_core.shell:Creating package script '/home/teresavkelly/re_rassor/ros2_ws/install/re_rassor_controller/share/re_rassor_controller/package.sh'
[4.311s] INFO:colcon.colcon_core.shell:Creating package script '/home/teresavkelly/re_rassor/ros2_ws/install/re_rassor_controller/share/re_rassor_controller/package.bash'
[4.313s] INFO:colcon.colcon_core.shell:Creating package script '/home/teresavkelly/re_rassor/ros2_ws/install/re_rassor_controller/share/re_rassor_controller/package.zsh'
[4.314s] Level 1:colcon.colcon_core.environment:create_file_with_runtime_dependencies(/home/teresavkelly/re_rassor/ros2_ws/install/re_rassor_controller/share/colcon-core/packages/re_rassor_controller)
[4.320s] Level 1:colcon.colcon_core.environment:checking '/home/teresavkelly/re_rassor/ros2_ws/install/re_rassor_sensors' for CMake module files
[4.323s] DEBUG:colcon.colcon_core.event_handler.log_command:Invoked command in '/home/teresavkelly/re_rassor/ros2_ws/src/re_rassor_sensors' returned '0': PS1=\[\e]0;\u@\h: \w\a\]${debian_chroot:+($debian_chroot)}\[\033[01;32m\]\u@\h\[\033[00m\]:\[\033[01;34m\]\w\[\033[00m\]\$ PYTHONPATH=/home/teresavkelly/re_rassor/ros2_ws/build/re_rassor_sensors/prefix_override:/home/teresavkelly/re_rassor/ros2_ws/install/re_rassor_sensors/lib/python3.10/site-packages:${PYTHONPATH} /usr/bin/python3 -W ignore:setup.py install is deprecated setup.py egg_info --egg-base ../../build/re_rassor_sensors build --build-base /home/teresavkelly/re_rassor/ros2_ws/build/re_rassor_sensors/build install --record /home/teresavkelly/re_rassor/ros2_ws/build/re_rassor_sensors/install.log --single-version-externally-managed install_data
[4.324s] Level 1:colcon.colcon_core.environment:checking '/home/teresavkelly/re_rassor/ros2_ws/install/re_rassor_sensors' for CMake config files
[4.325s] Level 1:colcon.colcon_core.environment:checking '/home/teresavkelly/re_rassor/ros2_ws/install/re_rassor_sensors/lib'
[4.325s] Level 1:colcon.colcon_core.environment:checking '/home/teresavkelly/re_rassor/ros2_ws/install/re_rassor_sensors/bin'
[4.325s] Level 1:colcon.colcon_core.environment:checking '/home/teresavkelly/re_rassor/ros2_ws/install/re_rassor_sensors/lib/pkgconfig/re_rassor_sensors.pc'
[4.326s] Level 1:colcon.colcon_core.environment:checking '/home/teresavkelly/re_rassor/ros2_ws/install/re_rassor_sensors/lib/python3.10/site-packages'
[4.326s] Level 1:colcon.colcon_core.shell:create_environment_hook('re_rassor_sensors', 'pythonpath')
[4.326s] INFO:colcon.colcon_core.shell:Creating environment hook '/home/teresavkelly/re_rassor/ros2_ws/install/re_rassor_sensors/share/re_rassor_sensors/hook/pythonpath.ps1'
[4.327s] INFO:colcon.colcon_core.shell:Creating environment descriptor '/home/teresavkelly/re_rassor/ros2_ws/install/re_rassor_sensors/share/re_rassor_sensors/hook/pythonpath.dsv'
[4.328s] INFO:colcon.colcon_core.shell:Creating environment hook '/home/teresavkelly/re_rassor/ros2_ws/install/re_rassor_sensors/share/re_rassor_sensors/hook/pythonpath.sh'
[4.329s] Level 1:colcon.colcon_core.environment:checking '/home/teresavkelly/re_rassor/ros2_ws/install/re_rassor_sensors/bin'
[4.329s] Level 1:colcon.colcon_core.environment:create_environment_scripts_only(re_rassor_sensors)
[4.329s] INFO:colcon.colcon_core.shell:Creating package script '/home/teresavkelly/re_rassor/ros2_ws/install/re_rassor_sensors/share/re_rassor_sensors/package.ps1'
[4.331s] INFO:colcon.colcon_core.shell:Creating package descriptor '/home/teresavkelly/re_rassor/ros2_ws/install/re_rassor_sensors/share/re_rassor_sensors/package.dsv'
[4.331s] INFO:colcon.colcon_core.shell:Creating package script '/home/teresavkelly/re_rassor/ros2_ws/install/re_rassor_sensors/share/re_rassor_sensors/package.sh'
[4.332s] INFO:colcon.colcon_core.shell:Creating package script '/home/teresavkelly/re_rassor/ros2_ws/install/re_rassor_sensors/share/re_rassor_sensors/package.bash'
[4.333s] INFO:colcon.colcon_core.shell:Creating package script '/home/teresavkelly/re_rassor/ros2_ws/install/re_rassor_sensors/share/re_rassor_sensors/package.zsh'
[4.334s] Level 1:colcon.colcon_core.environment:create_file_with_runtime_dependencies(/home/teresavkelly/re_rassor/ros2_ws/install/re_rassor_sensors/share/colcon-core/packages/re_rassor_sensors)
[4.334s] DEBUG:colcon.colcon_parallel_executor.executor.parallel:closing loop
[4.336s] DEBUG:colcon.colcon_parallel_executor.executor.parallel:loop closed
[4.338s] DEBUG:colcon.colcon_parallel_executor.executor.parallel:run_until_complete finished with '0'
[4.338s] DEBUG:colcon.colcon_core.event_reactor:joining thread
[4.466s] INFO:colcon.colcon_core.plugin_system:Skipping extension 'colcon_notification.desktop_notification.notify_send': Could not find 'notify-send'
[4.467s] INFO:colcon.colcon_core.plugin_system:Skipping extension 'colcon_notification.desktop_notification.terminal_notifier': Not used on non-Darwin systems
[4.467s] INFO:colcon.colcon_core.plugin_system:Skipping extension 'colcon_notification.desktop_notification.win32': Not used on non-Windows systems
[4.467s] INFO:colcon.colcon_notification.desktop_notification:Sending desktop notification using 'notify2'
[4.467s] DEBUG:colcon.colcon_notification.desktop_notification.notify2:Failed to initialize notify2: org.freedesktop.DBus.Error.FileNotFound: Failed to connect to socket /run/user/1000/bus: No such file or directory
[4.468s] DEBUG:colcon.colcon_core.event_reactor:joined thread
[4.469s] INFO:colcon.colcon_core.shell:Creating prefix script '/home/teresavkelly/re_rassor/ros2_ws/install/local_setup.ps1'
[4.472s] INFO:colcon.colcon_core.shell:Creating prefix util module '/home/teresavkelly/re_rassor/ros2_ws/install/_local_setup_util_ps1.py'
[4.476s] INFO:colcon.colcon_core.shell:Creating prefix chain script '/home/teresavkelly/re_rassor/ros2_ws/install/setup.ps1'
[4.483s] INFO:colcon.colcon_core.shell:Creating prefix script '/home/teresavkelly/re_rassor/ros2_ws/install/local_setup.sh'
[4.485s] INFO:colcon.colcon_core.shell:Creating prefix util module '/home/teresavkelly/re_rassor/ros2_ws/install/_local_setup_util_sh.py'
[4.486s] INFO:colcon.colcon_core.shell:Creating prefix chain script '/home/teresavkelly/re_rassor/ros2_ws/install/setup.sh'
[4.493s] INFO:colcon.colcon_core.shell:Creating prefix script '/home/teresavkelly/re_rassor/ros2_ws/install/local_setup.bash'
[4.494s] INFO:colcon.colcon_core.shell:Creating prefix chain script '/home/teresavkelly/re_rassor/ros2_ws/install/setup.bash'
[4.501s] INFO:colcon.colcon_core.shell:Creating prefix script '/home/teresavkelly/re_rassor/ros2_ws/install/local_setup.zsh'
[4.502s] INFO:colcon.colcon_core.shell:Creating prefix chain script '/home/teresavkelly/re_rassor/ros2_ws/install/setup.zsh'
