[2.200s] Invoking command in '/home/teresavkelly/re_rassor/ros2_ws/src/re_rassor_sensors': PS1=\[\e]0;\u@\h: \w\a\]${debian_chroot:+($debian_chroot)}\[\033[01;32m\]\u@\h\[\033[00m\]:\[\033[01;34m\]\w\[\033[00m\]\$ PYTHONPATH=/home/teresavkelly/re_rassor/ros2_ws/build/re_rassor_sensors/prefix_override:/home/teresavkelly/re_rassor/ros2_ws/install/re_rassor_sensors/lib/python3.10/site-packages:${PYTHONPATH} /usr/bin/python3 -W ignore:setup.py install is deprecated setup.py egg_info --egg-base ../../build/re_rassor_sensors build --build-base /home/teresavkelly/re_rassor/ros2_ws/build/re_rassor_sensors/build install --record /home/teresavkelly/re_rassor/ros2_ws/build/re_rassor_sensors/install.log --single-version-externally-managed install_data
[2.783s] running egg_info
[2.785s] writing ../../build/re_rassor_sensors/re_rassor_sensors.egg-info/PKG-INFO
[2.786s] writing dependency_links to ../../build/re_rassor_sensors/re_rassor_sensors.egg-info/dependency_links.txt
[2.787s] writing entry points to ../../build/re_rassor_sensors/re_rassor_sensors.egg-info/entry_points.txt
[2.788s] writing requirements to ../../build/re_rassor_sensors/re_rassor_sensors.egg-info/requires.txt
[2.788s] writing top-level names to ../../build/re_rassor_sensors/re_rassor_sensors.egg-info/top_level.txt
[2.793s] reading manifest file '../../build/re_rassor_sensors/re_rassor_sensors.egg-info/SOURCES.txt'
[2.795s] writing manifest file '../../build/re_rassor_sensors/re_rassor_sensors.egg-info/SOURCES.txt'
[2.795s] running build
[2.796s] running build_py
[2.796s] running install
[2.797s] running install_lib
[2.801s] running install_data
[2.801s] running install_egg_info
[2.805s] removing '/home/teresavkelly/re_rassor/ros2_ws/install/re_rassor_sensors/lib/python3.10/site-packages/re_rassor_sensors-0.0.0-py3.10.egg-info' (and everything under it)
[2.806s] Copying ../../build/re_rassor_sensors/re_rassor_sensors.egg-info to /home/teresavkelly/re_rassor/ros2_ws/install/re_rassor_sensors/lib/python3.10/site-packages/re_rassor_sensors-0.0.0-py3.10.egg-info
[2.809s] running install_scripts
[2.856s] Installing accelerometer_node script to /home/teresavkelly/re_rassor/ros2_ws/install/re_rassor_sensors/lib/re_rassor_sensors
[2.858s] writing list of installed files to '/home/teresavkelly/re_rassor/ros2_ws/build/re_rassor_sensors/install.log'
[2.933s] Invoked command in '/home/teresavkelly/re_rassor/ros2_ws/src/re_rassor_sensors' returned '0': PS1=\[\e]0;\u@\h: \w\a\]${debian_chroot:+($debian_chroot)}\[\033[01;32m\]\u@\h\[\033[00m\]:\[\033[01;34m\]\w\[\033[00m\]\$ PYTHONPATH=/home/teresavkelly/re_rassor/ros2_ws/build/re_rassor_sensors/prefix_override:/home/teresavkelly/re_rassor/ros2_ws/install/re_rassor_sensors/lib/python3.10/site-packages:${PYTHONPATH} /usr/bin/python3 -W ignore:setup.py install is deprecated setup.py egg_info --egg-base ../../build/re_rassor_sensors build --build-base /home/teresavkelly/re_rassor/ros2_ws/build/re_rassor_sensors/build install --record /home/teresavkelly/re_rassor/ros2_ws/build/re_rassor_sensors/install.log --single-version-externally-managed install_data
