[2.285s] Invoking command in '/home/teresavkelly/re_rassor/ros2_ws/src/re_rassor_controller': PYTHONPATH=/home/teresavkelly/re_rassor/ros2_ws/build/re_rassor_controller/prefix_override:/home/teresavkelly/re_rassor/ros2_ws/install/re_rassor_controller/lib/python3.10/site-packages:${PYTHONPATH} /usr/bin/python3 -W ignore:setup.py install is deprecated setup.py egg_info --egg-base ../../build/re_rassor_controller build --build-base /home/teresavkelly/re_rassor/ros2_ws/build/re_rassor_controller/build install --record /home/teresavkelly/re_rassor/ros2_ws/build/re_rassor_controller/install.log --single-version-externally-managed install_data
[2.867s] running egg_info
[2.867s] writing ../../build/re_rassor_controller/re_rassor_controller.egg-info/PKG-INFO
[2.868s] writing dependency_links to ../../build/re_rassor_controller/re_rassor_controller.egg-info/dependency_links.txt
[2.869s] writing entry points to ../../build/re_rassor_controller/re_rassor_controller.egg-info/entry_points.txt
[2.869s] writing requirements to ../../build/re_rassor_controller/re_rassor_controller.egg-info/requires.txt
[2.870s] writing top-level names to ../../build/re_rassor_controller/re_rassor_controller.egg-info/top_level.txt
[2.874s] reading manifest file '../../build/re_rassor_controller/re_rassor_controller.egg-info/SOURCES.txt'
[2.875s] writing manifest file '../../build/re_rassor_controller/re_rassor_controller.egg-info/SOURCES.txt'
[2.876s] running build
[2.877s] running build_py
[2.877s] running install
[2.877s] running install_lib
[2.879s] running install_data
[2.880s] running install_egg_info
[2.884s] removing '/home/teresavkelly/re_rassor/ros2_ws/install/re_rassor_controller/lib/python3.10/site-packages/re_rassor_controller-0.0.0-py3.10.egg-info' (and everything under it)
[2.888s] Copying ../../build/re_rassor_controller/re_rassor_controller.egg-info to /home/teresavkelly/re_rassor/ros2_ws/install/re_rassor_controller/lib/python3.10/site-packages/re_rassor_controller-0.0.0-py3.10.egg-info
[2.888s] running install_scripts
[2.934s] writing list of installed files to '/home/teresavkelly/re_rassor/ros2_ws/build/re_rassor_controller/install.log'
[2.994s] Invoked command in '/home/teresavkelly/re_rassor/ros2_ws/src/re_rassor_controller' returned '0': PYTHONPATH=/home/teresavkelly/re_rassor/ros2_ws/build/re_rassor_controller/prefix_override:/home/teresavkelly/re_rassor/ros2_ws/install/re_rassor_controller/lib/python3.10/site-packages:${PYTHONPATH} /usr/bin/python3 -W ignore:setup.py install is deprecated setup.py egg_info --egg-base ../../build/re_rassor_controller build --build-base /home/teresavkelly/re_rassor/ros2_ws/build/re_rassor_controller/build install --record /home/teresavkelly/re_rassor/ros2_ws/build/re_rassor_controller/install.log --single-version-externally-managed install_data
