[2.220s] Invoking command in '/home/teresavkelly/re_rassor/ros2_ws/src/re_rassor_sensors': PYTHONPATH=/home/teresavkelly/re_rassor/ros2_ws/build/re_rassor_sensors/prefix_override:/home/teresavkelly/re_rassor/ros2_ws/install/re_rassor_sensors/lib/python3.10/site-packages:${PYTHONPATH} /usr/bin/python3 -W ignore:setup.py install is deprecated setup.py egg_info --egg-base ../../build/re_rassor_sensors build --build-base /home/teresavkelly/re_rassor/ros2_ws/build/re_rassor_sensors/build install --record /home/teresavkelly/re_rassor/ros2_ws/build/re_rassor_sensors/install.log --single-version-externally-managed install_data
[2.851s] running egg_info
[2.853s] writing ../../build/re_rassor_sensors/re_rassor_sensors.egg-info/PKG-INFO
[2.855s] writing dependency_links to ../../build/re_rassor_sensors/re_rassor_sensors.egg-info/dependency_links.txt
[2.857s] writing entry points to ../../build/re_rassor_sensors/re_rassor_sensors.egg-info/entry_points.txt
[2.857s] writing requirements to ../../build/re_rassor_sensors/re_rassor_sensors.egg-info/requires.txt
[2.858s] writing top-level names to ../../build/re_rassor_sensors/re_rassor_sensors.egg-info/top_level.txt
[2.859s] reading manifest file '../../build/re_rassor_sensors/re_rassor_sensors.egg-info/SOURCES.txt'
[2.861s] writing manifest file '../../build/re_rassor_sensors/re_rassor_sensors.egg-info/SOURCES.txt'
[2.861s] running build
[2.862s] running build_py
[2.862s] running install
[2.863s] running install_lib
[2.868s] running install_data
[2.868s] running install_egg_info
[2.873s] removing '/home/teresavkelly/re_rassor/ros2_ws/install/re_rassor_sensors/lib/python3.10/site-packages/re_rassor_sensors-0.0.0-py3.10.egg-info' (and everything under it)
[2.874s] Copying ../../build/re_rassor_sensors/re_rassor_sensors.egg-info to /home/teresavkelly/re_rassor/ros2_ws/install/re_rassor_sensors/lib/python3.10/site-packages/re_rassor_sensors-0.0.0-py3.10.egg-info
[2.876s] running install_scripts
[2.917s] Installing accelerometer_node script to /home/teresavkelly/re_rassor/ros2_ws/install/re_rassor_sensors/lib/re_rassor_sensors
[2.918s] writing list of installed files to '/home/teresavkelly/re_rassor/ros2_ws/build/re_rassor_sensors/install.log'
[2.989s] Invoked command in '/home/teresavkelly/re_rassor/ros2_ws/src/re_rassor_sensors' returned '0': PYTHONPATH=/home/teresavkelly/re_rassor/ros2_ws/build/re_rassor_sensors/prefix_override:/home/teresavkelly/re_rassor/ros2_ws/install/re_rassor_sensors/lib/python3.10/site-packages:${PYTHONPATH} /usr/bin/python3 -W ignore:setup.py install is deprecated setup.py egg_info --egg-base ../../build/re_rassor_sensors build --build-base /home/teresavkelly/re_rassor/ros2_ws/build/re_rassor_sensors/build install --record /home/teresavkelly/re_rassor/ros2_ws/build/re_rassor_sensors/install.log --single-version-externally-managed install_data
