[2.219s] Invoking command in '/home/teresavkelly/re_rassor/ros2_ws/src/re_rassor_controller': PS1=\[\e]0;\u@\h: \w\a\]${debian_chroot:+($debian_chroot)}\[\033[01;32m\]\u@\h\[\033[00m\]:\[\033[01;34m\]\w\[\033[00m\]\$ PYTHONPATH=/home/teresavkelly/re_rassor/ros2_ws/build/re_rassor_controller/prefix_override:/home/teresavkelly/re_rassor/ros2_ws/install/re_rassor_controller/lib/python3.10/site-packages:${PYTHONPATH} /usr/bin/python3 -W ignore:setup.py install is deprecated setup.py egg_info --egg-base ../../build/re_rassor_controller build --build-base /home/teresavkelly/re_rassor/ros2_ws/build/re_rassor_controller/build install --record /home/teresavkelly/re_rassor/ros2_ws/build/re_rassor_controller/install.log --single-version-externally-managed install_data
[2.811s] running egg_info
[2.812s] writing ../../build/re_rassor_controller/re_rassor_controller.egg-info/PKG-INFO
[2.813s] writing dependency_links to ../../build/re_rassor_controller/re_rassor_controller.egg-info/dependency_links.txt
[2.814s] writing entry points to ../../build/re_rassor_controller/re_rassor_controller.egg-info/entry_points.txt
[2.814s] writing requirements to ../../build/re_rassor_controller/re_rassor_controller.egg-info/requires.txt
[2.815s] writing top-level names to ../../build/re_rassor_controller/re_rassor_controller.egg-info/top_level.txt
[2.819s] reading manifest file '../../build/re_rassor_controller/re_rassor_controller.egg-info/SOURCES.txt'
[2.822s] writing manifest file '../../build/re_rassor_controller/re_rassor_controller.egg-info/SOURCES.txt'
[2.822s] running build
[2.822s] running build_py
[2.823s] running install
[2.823s] running install_lib
[2.826s] running install_data
[2.826s] running install_egg_info
[2.830s] removing '/home/teresavkelly/re_rassor/ros2_ws/install/re_rassor_controller/lib/python3.10/site-packages/re_rassor_controller-0.0.0-py3.10.egg-info' (and everything under it)
[2.831s] Copying ../../build/re_rassor_controller/re_rassor_controller.egg-info to /home/teresavkelly/re_rassor/ros2_ws/install/re_rassor_controller/lib/python3.10/site-packages/re_rassor_controller-0.0.0-py3.10.egg-info
[2.834s] running install_scripts
[2.875s] writing list of installed files to '/home/teresavkelly/re_rassor/ros2_ws/build/re_rassor_controller/install.log'
[2.940s] Invoked command in '/home/teresavkelly/re_rassor/ros2_ws/src/re_rassor_controller' returned '0': PS1=\[\e]0;\u@\h: \w\a\]${debian_chroot:+($debian_chroot)}\[\033[01;32m\]\u@\h\[\033[00m\]:\[\033[01;34m\]\w\[\033[00m\]\$ PYTHONPATH=/home/teresavkelly/re_rassor/ros2_ws/build/re_rassor_controller/prefix_override:/home/teresavkelly/re_rassor/ros2_ws/install/re_rassor_controller/lib/python3.10/site-packages:${PYTHONPATH} /usr/bin/python3 -W ignore:setup.py install is deprecated setup.py egg_info --egg-base ../../build/re_rassor_controller build --build-base /home/teresavkelly/re_rassor/ros2_ws/build/re_rassor_controller/build install --record /home/teresavkelly/re_rassor/ros2_ws/build/re_rassor_controller/install.log --single-version-externally-managed install_data
