[2.694s] Invoking command in '/home/teresavkelly/re_rassor/ros2_ws/src/re_rassor_controller': PS1=\[\e]0;\u@\h: \w\a\]${debian_chroot:+($debian_chroot)}\[\033[01;32m\]\u@\h\[\033[00m\]:\[\033[01;34m\]\w\[\033[00m\]\$ PYTHONPATH=/home/teresavkelly/re_rassor/ros2_ws/build/re_rassor_controller/prefix_override:/home/teresavkelly/re_rassor/ros2_ws/install/re_rassor_controller/lib/python3.10/site-packages:${PYTHONPATH} /usr/bin/python3 -W ignore:setup.py install is deprecated setup.py egg_info --egg-base ../../build/re_rassor_controller build --build-base /home/teresavkelly/re_rassor/ros2_ws/build/re_rassor_controller/build install --record /home/teresavkelly/re_rassor/ros2_ws/build/re_rassor_controller/install.log --single-version-externally-managed install_data
[3.274s] running egg_info
[3.275s] creating ../../build/re_rassor_controller/re_rassor_controller.egg-info
[3.276s] writing ../../build/re_rassor_controller/re_rassor_controller.egg-info/PKG-INFO
[3.277s] writing dependency_links to ../../build/re_rassor_controller/re_rassor_controller.egg-info/dependency_links.txt
[3.278s] writing entry points to ../../build/re_rassor_controller/re_rassor_controller.egg-info/entry_points.txt
[3.279s] writing requirements to ../../build/re_rassor_controller/re_rassor_controller.egg-info/requires.txt
[3.279s] writing top-level names to ../../build/re_rassor_controller/re_rassor_controller.egg-info/top_level.txt
[3.281s] writing manifest file '../../build/re_rassor_controller/re_rassor_controller.egg-info/SOURCES.txt'
[3.282s] reading manifest file '../../build/re_rassor_controller/re_rassor_controller.egg-info/SOURCES.txt'
[3.285s] writing manifest file '../../build/re_rassor_controller/re_rassor_controller.egg-info/SOURCES.txt'
[3.286s] running build
[3.287s] running build_py
[3.287s] creating /home/teresavkelly/re_rassor/ros2_ws/build/re_rassor_controller/build
[3.288s] creating /home/teresavkelly/re_rassor/ros2_ws/build/re_rassor_controller/build/lib
[3.291s] creating /home/teresavkelly/re_rassor/ros2_ws/build/re_rassor_controller/build/lib/re_rassor_controller
[3.291s] copying re_rassor_controller/__init__.py -> /home/teresavkelly/re_rassor/ros2_ws/build/re_rassor_controller/build/lib/re_rassor_controller
[3.291s] running install
[3.291s] running install_lib
[3.295s] creating /home/teresavkelly/re_rassor/ros2_ws/install/re_rassor_controller/lib/python3.10/site-packages/re_rassor_controller
[3.296s] copying /home/teresavkelly/re_rassor/ros2_ws/build/re_rassor_controller/build/lib/re_rassor_controller/__init__.py -> /home/teresavkelly/re_rassor/ros2_ws/install/re_rassor_controller/lib/python3.10/site-packages/re_rassor_controller
[3.296s] byte-compiling /home/teresavkelly/re_rassor/ros2_ws/install/re_rassor_controller/lib/python3.10/site-packages/re_rassor_controller/__init__.py to __init__.cpython-310.pyc
[3.297s] running install_data
[3.297s] creating /home/teresavkelly/re_rassor/ros2_ws/install/re_rassor_controller/share/ament_index
[3.299s] creating /home/teresavkelly/re_rassor/ros2_ws/install/re_rassor_controller/share/ament_index/resource_index
[3.300s] creating /home/teresavkelly/re_rassor/ros2_ws/install/re_rassor_controller/share/ament_index/resource_index/packages
[3.300s] copying resource/re_rassor_controller -> /home/teresavkelly/re_rassor/ros2_ws/install/re_rassor_controller/share/ament_index/resource_index/packages
[3.300s] copying package.xml -> /home/teresavkelly/re_rassor/ros2_ws/install/re_rassor_controller/share/re_rassor_controller
[3.301s] running install_egg_info
[3.303s] Copying ../../build/re_rassor_controller/re_rassor_controller.egg-info to /home/teresavkelly/re_rassor/ros2_ws/install/re_rassor_controller/lib/python3.10/site-packages/re_rassor_controller-0.0.0-py3.10.egg-info
[3.304s] running install_scripts
[3.350s] writing list of installed files to '/home/teresavkelly/re_rassor/ros2_ws/build/re_rassor_controller/install.log'
[3.424s] Invoked command in '/home/teresavkelly/re_rassor/ros2_ws/src/re_rassor_controller' returned '0': PS1=\[\e]0;\u@\h: \w\a\]${debian_chroot:+($debian_chroot)}\[\033[01;32m\]\u@\h\[\033[00m\]:\[\033[01;34m\]\w\[\033[00m\]\$ PYTHONPATH=/home/teresavkelly/re_rassor/ros2_ws/build/re_rassor_controller/prefix_override:/home/teresavkelly/re_rassor/ros2_ws/install/re_rassor_controller/lib/python3.10/site-packages:${PYTHONPATH} /usr/bin/python3 -W ignore:setup.py install is deprecated setup.py egg_info --egg-base ../../build/re_rassor_controller build --build-base /home/teresavkelly/re_rassor/ros2_ws/build/re_rassor_controller/build install --record /home/teresavkelly/re_rassor/ros2_ws/build/re_rassor_controller/install.log --single-version-externally-managed install_data
