running egg_info
writing ../../build/re_rassor_sensors/re_rassor_sensors.egg-info/PKG-INFO
writing dependency_links to ../../build/re_rassor_sensors/re_rassor_sensors.egg-info/dependency_links.txt
writing entry points to ../../build/re_rassor_sensors/re_rassor_sensors.egg-info/entry_points.txt
writing requirements to ../../build/re_rassor_sensors/re_rassor_sensors.egg-info/requires.txt
writing top-level names to ../../build/re_rassor_sensors/re_rassor_sensors.egg-info/top_level.txt
reading manifest file '../../build/re_rassor_sensors/re_rassor_sensors.egg-info/SOURCES.txt'
writing manifest file '../../build/re_rassor_sensors/re_rassor_sensors.egg-info/SOURCES.txt'
running build
running build_py
copying re_rassor_sensors/accelerometer_node.py -> /home/teresavkelly/re_rassor/ros2_ws/build/re_rassor_sensors/build/lib/re_rassor_sensors
running install
running install_lib
copying /home/teresavkelly/re_rassor/ros2_ws/build/re_rassor_sensors/build/lib/re_rassor_sensors/accelerometer_node.py -> /home/teresavkelly/re_rassor/ros2_ws/install/re_rassor_sensors/lib/python3.10/site-packages/re_rassor_sensors
byte-compiling /home/teresavkelly/re_rassor/ros2_ws/install/re_rassor_sensors/lib/python3.10/site-packages/re_rassor_sensors/accelerometer_node.py to accelerometer_node.cpython-310.pyc
running install_data
copying package.xml -> /home/teresavkelly/re_rassor/ros2_ws/install/re_rassor_sensors/share/re_rassor_sensors
running install_egg_info
removing '/home/teresavkelly/re_rassor/ros2_ws/install/re_rassor_sensors/lib/python3.10/site-packages/re_rassor_sensors-0.0.0-py3.10.egg-info' (and everything under it)
Copying ../../build/re_rassor_sensors/re_rassor_sensors.egg-info to /home/teresavkelly/re_rassor/ros2_ws/install/re_rassor_sensors/lib/python3.10/site-packages/re_rassor_sensors-0.0.0-py3.10.egg-info
running install_scripts
Installing accelerometer_node script to /home/teresavkelly/re_rassor/ros2_ws/install/re_rassor_sensors/lib/re_rassor_sensors
writing list of installed files to '/home/teresavkelly/re_rassor/ros2_ws/build/re_rassor_sensors/install.log'
